mode: set
github.com/rrd1986/go-rabbitmq-client/notification/mock_service.go:26.77,30.2 3 0
github.com/rrd1986/go-rabbitmq-client/notification/mock_service.go:33.75,35.2 1 0
github.com/rrd1986/go-rabbitmq-client/notification/mock_service.go:38.139,41.2 2 0
github.com/rrd1986/go-rabbitmq-client/notification/mock_service.go:44.127,47.2 2 0
github.com/rrd1986/go-rabbitmq-client/notification/service.go:33.48,35.2 1 1
github.com/rrd1986/go-rabbitmq-client/notification/service.go:37.126,77.2 6 1
github.com/rrd1986/go-rabbitmq-client/client/mock_service.go:27.73,31.2 3 0
github.com/rrd1986/go-rabbitmq-client/client/mock_service.go:34.71,36.2 1 0
github.com/rrd1986/go-rabbitmq-client/client/mock_service.go:39.82,44.2 4 0
github.com/rrd1986/go-rabbitmq-client/client/mock_service.go:47.98,50.2 2 0
github.com/rrd1986/go-rabbitmq-client/client/mock_service.go:53.77,58.2 4 0
github.com/rrd1986/go-rabbitmq-client/client/mock_service.go:61.93,64.2 2 0
github.com/rrd1986/go-rabbitmq-client/client/mock_service.go:67.80,72.2 4 0
github.com/rrd1986/go-rabbitmq-client/client/mock_service.go:75.96,78.2 2 0
github.com/rrd1986/go-rabbitmq-client/client/mock_service.go:81.76,86.2 4 0
github.com/rrd1986/go-rabbitmq-client/client/mock_service.go:89.84,92.2 2 0
github.com/rrd1986/go-rabbitmq-client/client/mock_service.go:95.81,100.2 4 0
github.com/rrd1986/go-rabbitmq-client/client/mock_service.go:103.96,106.2 2 0
github.com/rrd1986/go-rabbitmq-client/client/mock_service.go:109.82,114.2 4 0
github.com/rrd1986/go-rabbitmq-client/client/mock_service.go:117.97,120.2 2 0
github.com/rrd1986/go-rabbitmq-client/client/mock_service.go:123.74,128.2 4 0
github.com/rrd1986/go-rabbitmq-client/client/mock_service.go:131.89,134.2 2 0
github.com/rrd1986/go-rabbitmq-client/client/mock_service.go:137.71,142.2 4 0
github.com/rrd1986/go-rabbitmq-client/client/mock_service.go:145.86,148.2 2 0
github.com/rrd1986/go-rabbitmq-client/client/mock_service.go:151.72,156.2 4 0
github.com/rrd1986/go-rabbitmq-client/client/mock_service.go:159.87,162.2 2 0
github.com/rrd1986/go-rabbitmq-client/client/service.go:42.27,44.16 2 1
github.com/rrd1986/go-rabbitmq-client/client/service.go:47.2,49.16 2 1
github.com/rrd1986/go-rabbitmq-client/client/service.go:53.2,61.28 2 1
github.com/rrd1986/go-rabbitmq-client/client/service.go:74.2,74.25 1 1
github.com/rrd1986/go-rabbitmq-client/client/service.go:44.16,46.3 1 0
github.com/rrd1986/go-rabbitmq-client/client/service.go:49.16,51.3 1 0
github.com/rrd1986/go-rabbitmq-client/client/service.go:61.28,64.17 2 1
github.com/rrd1986/go-rabbitmq-client/client/service.go:64.17,71.4 1 0
github.com/rrd1986/go-rabbitmq-client/client/service.go:77.77,81.40 3 1
github.com/rrd1986/go-rabbitmq-client/client/service.go:87.2,87.12 1 1
github.com/rrd1986/go-rabbitmq-client/client/service.go:81.40,82.15 1 1
github.com/rrd1986/go-rabbitmq-client/client/service.go:82.15,84.4 1 0
github.com/rrd1986/go-rabbitmq-client/client/service.go:90.73,92.2 1 1
github.com/rrd1986/go-rabbitmq-client/client/service.go:94.71,96.2 1 1
github.com/rrd1986/go-rabbitmq-client/client/service.go:98.69,100.2 1 1
github.com/rrd1986/go-rabbitmq-client/client/service.go:102.68,104.2 1 1
github.com/rrd1986/go-rabbitmq-client/client/service.go:106.78,108.2 1 1
github.com/rrd1986/go-rabbitmq-client/client/service.go:110.79,112.2 1 1
github.com/rrd1986/go-rabbitmq-client/client/service.go:114.79,126.16 3 1
github.com/rrd1986/go-rabbitmq-client/client/service.go:130.2,141.16 4 1
github.com/rrd1986/go-rabbitmq-client/client/service.go:145.2,157.3 3 1
github.com/rrd1986/go-rabbitmq-client/client/service.go:126.16,128.3 1 0
github.com/rrd1986/go-rabbitmq-client/client/service.go:141.16,143.3 1 0
github.com/rrd1986/go-rabbitmq-client/client/service.go:160.74,172.16 3 1
github.com/rrd1986/go-rabbitmq-client/client/service.go:175.2,191.16 5 1
github.com/rrd1986/go-rabbitmq-client/client/service.go:194.2,201.3 2 1
github.com/rrd1986/go-rabbitmq-client/client/service.go:172.16,174.3 1 0
github.com/rrd1986/go-rabbitmq-client/client/service.go:191.16,193.3 1 0
github.com/rrd1986/go-rabbitmq-client/producer/service.go:37.25,47.16 2 1
github.com/rrd1986/go-rabbitmq-client/producer/service.go:51.2,55.8 2 1
github.com/rrd1986/go-rabbitmq-client/producer/service.go:47.16,49.3 1 0
github.com/rrd1986/go-rabbitmq-client/producer/service.go:58.86,60.16 2 1
github.com/rrd1986/go-rabbitmq-client/producer/service.go:63.2,74.3 2 1
github.com/rrd1986/go-rabbitmq-client/producer/service.go:60.16,62.3 1 0
github.com/rrd1986/go-rabbitmq-client/producer/service.go:77.67,79.16 2 1
github.com/rrd1986/go-rabbitmq-client/producer/service.go:82.2,82.12 1 1
github.com/rrd1986/go-rabbitmq-client/producer/service.go:79.16,81.3 1 0
github.com/rrd1986/go-rabbitmq-client/producer/mock_service.go:26.69,30.2 3 0
github.com/rrd1986/go-rabbitmq-client/producer/mock_service.go:33.67,35.2 1 0
github.com/rrd1986/go-rabbitmq-client/producer/mock_service.go:38.68,43.2 4 0
github.com/rrd1986/go-rabbitmq-client/producer/mock_service.go:46.84,49.2 2 0
github.com/rrd1986/go-rabbitmq-client/producer/mock_service.go:52.87,57.2 4 0
github.com/rrd1986/go-rabbitmq-client/producer/mock_service.go:60.91,63.2 2 0
github.com/rrd1986/go-rabbitmq-client/connection/config.go:29.11,40.2 1 1
github.com/rrd1986/go-rabbitmq-client/connection/mock_service.go:27.81,31.2 3 0
github.com/rrd1986/go-rabbitmq-client/connection/mock_service.go:34.79,36.2 1 0
github.com/rrd1986/go-rabbitmq-client/connection/mock_service.go:39.67,44.2 4 0
github.com/rrd1986/go-rabbitmq-client/connection/mock_service.go:47.83,50.2 2 0
github.com/rrd1986/go-rabbitmq-client/connection/mock_service.go:53.73,58.2 4 0
github.com/rrd1986/go-rabbitmq-client/connection/mock_service.go:61.87,64.2 2 0
github.com/rrd1986/go-rabbitmq-client/connection/mock_service.go:67.86,73.2 5 0
github.com/rrd1986/go-rabbitmq-client/connection/mock_service.go:76.82,79.2 2 0
github.com/rrd1986/go-rabbitmq-client/connection/service.go:25.68,39.2 2 1
github.com/rrd1986/go-rabbitmq-client/connection/service.go:47.10,56.2 1 1
github.com/rrd1986/go-rabbitmq-client/connection/service.go:58.87,61.16 3 1
github.com/rrd1986/go-rabbitmq-client/connection/service.go:64.2,65.18 2 1
github.com/rrd1986/go-rabbitmq-client/connection/service.go:61.16,63.3 1 1
github.com/rrd1986/go-rabbitmq-client/connection/service.go:68.68,71.16 3 0
github.com/rrd1986/go-rabbitmq-client/connection/service.go:74.2,74.12 1 0
github.com/rrd1986/go-rabbitmq-client/connection/service.go:71.16,73.3 1 0
github.com/rrd1986/go-rabbitmq-client/connection/service.go:77.74,80.2 2 1
